2024-08-12 20:27:40,072:<ERROR> site-minusCoins(28) - Ошибка в изменении количество коинов за покупку в магазине — 'User' object has no attribute 'coins123'
Клиент: 5
2024-08-12 20:28:56,272:<CRITICAL> site-minusCoins(28) - Клиент 5  получил ошибку при попытке потратить бонусы.
Ошибка:'User' object has no attribute 'coins123'
Клиент: 5
2024-08-12 20:30:12,902:<CRITICAL> site-minusCoins(28) - Клиент 5 получил ошибку при попытке потратить бонусы.
Ошибка:'User' object has no attribute 'coins123'
Клиент: 5
2024-08-12 20:30:20,071:<ERROR> site-minusCoins(28) - Клиент 5 получил ошибку при попытке потратить бонусы.
Ошибка:'User' object has no attribute 'coins123'
Клиент: 5
2024-08-12 20:32:25,732:<ERROR> site-getItemFromModel(39) - Клент 5 Пытался потратить бонусы в магазине, но такой услуги не было
2024-08-12 20:33:44,381:<ERROR> site-getItemFromModel(39) - Клиент 5 Пытался потратить бонусы в магазине, но такой услуги не было. ID не найденной услуги: 1488
2024-08-12 20:36:29,849:<ERROR> site-getCoinsUser(47) - Клиенту 5 выдана ошибка, что недостаточно баллов. Текущее количество баллов: 5000. Пытался потратить: 45000. Услуга: 2
2024-08-12 20:42:21,712:<ERROR> site-getItemFromModel(39) - Клиент 5 Пытался потратить бонусы в магазине, но такой услуги не было. ID не найденной услуги: 1555
2024-08-12 20:45:15,438:<ERROR> site-minusCoins(28) - Клиент 5 получил ошибку при попытке потратить бонусы.
Ошибка:'User' object has no attribute 'coins123'
Клиент: 5
2024-08-12 20:45:34,085:<ERROR> site-addHistory(15) - Не получилось записать данные в историю.
Ошибка:name 'History132' is not defined
Клиент: 5
Услуга:Юридическая консультация
Цена:1000
Метод:minus
2024-08-12 20:51:45,061:<ERROR> site-addHistory(16) - Не получилось записать данные в историю.
Ошибка: name 'History123' is not defined
Клиент: 5
Услуга: Юридическая консультация
Цена: 1000
Метод: minus
2024-08-12 20:57:26,304:<ERROR> site-addHistory(22) - Не получилось записать данные в историю.
Ошибка: name 'History123' is not defined
Клиент: 5
Услуга: Юридическая консультация
Цена: 1000
Метод: minus
2024-08-12 21:01:59,124:<ERROR> site-saveApplication(16) - Ошибка создания заявки!
Клиент: drizzlls123@yandex.ru
2024-08-12 21:04:24,732:<ERROR> site-saveApplication(16) - Сервис: Обращение в поддержку
Ошибка создания заявки
Клиент: None
Текст заявки: ghjghj
2024-08-12 21:05:09,934:<ERROR> site-saveApplication(15) - Сервис: Обращение в поддержку
Ошибка создания заявки
Клиент: None
Текст заявки: ghgfhfgh
Ошибка: 'WSGIRequest' object has no attribute 'user123'
2024-08-12 21:06:09,694:<ERROR> site-saveApplication(15) - Сервис: Обращение в поддержку
Ошибка создания заявки
Клиент: None
Текст заявки: asdasd
Клиент: 5
Ошибка: 'WSGIRequest' object has no attribute 'user123'
2024-08-12 21:06:38,460:<ERROR> site-saveApplication(15) - Сервис: Обращение в поддержку
Ошибка создания заявки
Клиент: 5
Текст заявки: Опишите ситуацию
Ошибка: 'WSGIRequest' object has no attribute 'user123'
2024-08-12 21:07:34,416:<ERROR> site-saveApplication(15) - Сервис: Обращение в поддержку
Ошибка создания заявки
Клиент: 5
Текст заявки: Опишите ситуацию
Ошибка: 'WSGIRequest' object has no attribute 'user123'
2024-08-12 21:16:55,133:<CRITICAL> site-sendMessageFromService(21) - Сервис: Отправка данных в тг об ошибках
Ошибка: No connection adapters were found for '123https://api.telegram.org/bot7354303530:AAFXOhnoXVHLZZ038lH-pM9WZO9MosuKJeU/sendMessage?chat_id=272635960&text=Личный кабинет\nCервис: Поддержка\nПоступило новое сообщение в поддержку:\nукекуе\nID заявки: 28'
2024-08-12 21:18:53,075:<ERROR> site-sendMessageFromService(19) - Сервис: Отправка данных в тг об ошибках
Стату: 404
Текст: {"ok":false,"error_code":404,"description":"Not Found"}
2024-08-13 13:24:36,254:<CRITICAL> site-getHook(27) - Ошибка при попытке получить хук Bitrix24
2024-08-13 13:27:18,767:<CRITICAL> site-getHook(26) - Ошибка при попытке получить хук Bitrix24 Services matching query does not exist.
2024-08-13 13:28:01,644:<CRITICAL> site-getHook(26) - Хук Bitrix24 не найден. Ошибка: Services matching query does not exist.
2024-08-13 13:28:54,915:<CRITICAL> site-getHook(28) - При попытке получить хук Bitrix24 появилась ошибка. Ошибка: name 'Services1' is not defined
2024-08-13 13:32:02,873:<CRITICAL> site-getHook(29) - При попытке получить хук Bitrix24 появилась ошибка. Ошибка: name 'Services1' is not defined
2024-08-13 13:32:14,569:<CRITICAL> site-getHook(26) - Хук Bitrix24 не найден. Ошибка: Services matching query does not exist.
2024-08-13 13:35:17,406:<CRITICAL> site-getHook(28) - При попытке получить хук Bitrix24 появилась ошибка.
Ошибка: name 'Services1' is not defined
2024-08-13 13:35:27,765:<CRITICAL> site-getHook(25) - Хук Bitrix24 не найден.
Ошибка: Services matching query does not exist.
2024-08-13 19:58:45,648:<ERROR> site-add(32) - Сервис: Создание Лида в Битрикс24
При попытке создания лида произошла ошибка.
Ошибка: 'User' object has no attribute 'name'
Клиент: 6
2024-08-15 11:20:06,078:<CRITICAL> site-get(27) - При попытке получить сделку в Bitrix24 произошла ошибка.
Ошибка: HTTP error: 400
2024-08-15 11:20:41,257:<CRITICAL> site-get(27) - При попытке получить сделку в Bitrix24 произошла ошибка.
Ошибка: HTTP error: 400
2024-08-15 14:06:55,168:<CRITICAL> site-get(27) - При попытке получить сделку в Bitrix24 произошла ошибка.
Ошибка: HTTP error: 400
2024-08-15 14:37:46,271:<ERROR> site-create(37) - При попытке создать сделку в модели произошла ошибка.
Ошибка: 'AnonymousUser' object has no attribute 'email'
2024-08-15 14:40:11,093:<ERROR> site-create(37) - При попытке создать сделку в модели произошла ошибка.
Ошибка: 'AnonymousUser' object has no attribute 'email'
2024-08-15 14:47:24,657:<ERROR> site-create(34) - При попытке создать сделку в модели произошла ошибка.
Ошибка: Tried to update field account.User.phone with a model instance, <Affairs: 30100>. Use a value compatible with IntegerField.
2024-08-19 10:59:37,359:<CRITICAL> site-getHook(42) - Хук Bitrix24 для лидов не найден.
Ошибка: Services matching query does not exist.
2024-08-19 10:59:37,721:<CRITICAL> site-getHook(42) - Хук Bitrix24 для лидов не найден.
Ошибка: Services matching query does not exist.
2024-08-19 12:20:00,452:<ERROR> site-create(37) - При попытке создать сделку в модели произошла ошибка.
Ошибка: 'int' object is not subscriptable
2024-08-19 12:21:42,235:<ERROR> site-create(37) - При попытке создать сделку в модели произошла ошибка.
Ошибка: 'int' object is not subscriptable
2024-08-19 12:23:13,608:<ERROR> site-create(37) - При попытке создать сделку в модели произошла ошибка.
Ошибка: 'int' object is not subscriptable
2024-08-19 12:24:11,408:<ERROR> site-create(37) - При попытке создать сделку в модели произошла ошибка.
Ошибка: 'int' object is not subscriptable
2024-08-19 12:25:05,674:<ERROR> site-create(37) - При попытке создать сделку в модели произошла ошибка.
Ошибка: string indices must be integers, not 'str'
2024-08-19 12:27:53,722:<ERROR> site-create(37) - При попытке создать сделку в модели произошла ошибка.
Ошибка: string indices must be integers, not 'str'
2024-08-19 12:28:46,931:<ERROR> site-create(37) - При попытке создать сделку в модели произошла ошибка.
Ошибка: string indices must be integers, not 'str'
2024-08-19 12:30:06,099:<ERROR> site-create(37) - При попытке создать сделку в модели произошла ошибка.
Ошибка: string indices must be integers, not 'str'
2024-08-19 12:30:54,552:<ERROR> site-create(37) - При попытке создать сделку в модели произошла ошибка.
Ошибка: catching classes that do not inherit from BaseException is not allowed
2024-08-19 12:36:27,184:<ERROR> site-create(37) - При попытке создать сделку в модели произошла ошибка.
Ошибка: catching classes that do not inherit from BaseException is not allowed
2024-08-19 12:37:57,687:<ERROR> site-create(37) - При попытке создать сделку в модели произошла ошибка.
Ошибка: list indices must be integers or slices, not str
2024-08-19 12:40:38,614:<ERROR> site-create(37) - При попытке создать сделку в модели произошла ошибка.
Ошибка: list indices must be integers or slices, not str
2024-08-19 12:41:07,999:<ERROR> site-get(28) - При попытке получить сотрудника из Bitrix24 появилась ошибка.
Ошибка: list indices must be integers or slices, not str
2024-08-19 12:41:08,792:<ERROR> site-create(37) - При попытке создать сделку в модели произошла ошибка.
Ошибка: 'NoneType' object is not subscriptable
2024-08-19 12:41:35,753:<ERROR> site-get(29) - При попытке получить сотрудника из Bitrix24 появилась ошибка.
Ошибка: list indices must be integers or slices, not str
2024-08-19 12:41:36,185:<ERROR> site-create(37) - При попытке создать сделку в модели произошла ошибка.
Ошибка: 'NoneType' object is not subscriptable
2024-08-19 12:42:44,905:<ERROR> site-create(37) - При попытке создать сделку в модели произошла ошибка.
Ошибка: catching classes that do not inherit from BaseException is not allowed
2024-08-19 12:44:10,024:<ERROR> site-create(37) - При попытке создать сделку в модели произошла ошибка.
Ошибка: 'list' object has no attribute 'write'
2024-08-19 12:45:34,828:<ERROR> site-create(37) - При попытке создать сделку в модели произошла ошибка.
Ошибка: 'list' object has no attribute 'write'
2024-08-19 12:46:04,357:<ERROR> site-create(37) - При попытке создать сделку в модели произошла ошибка.
Ошибка: 'dict' object has no attribute 'write'
2024-08-19 12:46:43,585:<ERROR> site-create(37) - При попытке создать сделку в модели произошла ошибка.
Ошибка: 'dict' object has no attribute 'write'
2024-08-19 12:47:12,160:<ERROR> site-create(37) - При попытке создать сделку в модели произошла ошибка.
Ошибка: 'dict' object has no attribute 'write'
2024-08-19 12:48:19,218:<ERROR> site-create(37) - При попытке создать сделку в модели произошла ошибка.
Ошибка: 'dict' object has no attribute 'write'
2024-08-19 12:49:01,095:<ERROR> site-create(37) - При попытке создать сделку в модели произошла ошибка.
Ошибка: 'dict' object has no attribute 'write'
2024-08-19 13:28:20,367:<ERROR> site-create(37) - При попытке создать сделку в модели произошла ошибка.
Ошибка: 'dict' object has no attribute 'write'
2024-08-19 13:29:19,055:<ERROR> site-create(37) - При попытке создать сделку в модели произошла ошибка.
Ошибка: 'dict' object has no attribute 'write'
2024-08-19 13:31:35,980:<ERROR> site-create(37) - При попытке создать сделку в модели произошла ошибка.
Ошибка: 'dict' object has no attribute 'write'
2024-08-19 13:33:26,865:<ERROR> site-create(38) - При попытке создать сделку в модели произошла ошибка.
Ошибка: 'dict' object has no attribute 'write'
2024-08-19 13:34:00,666:<ERROR> site-create(39) - При попытке создать сделку в модели произошла ошибка.
Ошибка: 'dict' object has no attribute 'write'
2024-08-19 13:35:18,106:<ERROR> site-create(39) - При попытке создать сделку в модели произошла ошибка.
Ошибка: 'dict' object has no attribute 'write'
2024-08-19 13:36:13,643:<ERROR> site-create(39) - При попытке создать сделку в модели произошла ошибка.
Ошибка: 'dict' object has no attribute 'write'
2024-08-19 13:37:07,105:<ERROR> site-create(39) - При попытке создать сделку в модели произошла ошибка.
Ошибка: 'dict' object has no attribute 'write'
2024-08-19 13:37:51,364:<ERROR> site-create(40) - При попытке создать сделку в модели произошла ошибка.
Ошибка: 'dict' object has no attribute 'write'
2024-08-19 13:38:38,141:<ERROR> site-create(40) - При попытке создать сделку в модели произошла ошибка.
Ошибка: 'dict' object has no attribute 'write'
2024-08-19 13:40:48,600:<ERROR> site-create(40) - При попытке создать сделку в модели произошла ошибка.
Ошибка: 'dict' object has no attribute 'write'
2024-08-19 13:46:00,361:<ERROR> site-create(46) - При попытке создать сделку в модели произошла ошибка.
Ошибка: 'dict' object has no attribute 'write'
2024-08-19 13:53:12,328:<ERROR> site-create(40) - При попытке создать сделку в модели произошла ошибка.
Ошибка: Cannot assign "<QuerySet [<Employees: Юля Иноземцева>]>": "Affairs.manager" must be a "Employees" instance.
2024-08-19 14:40:08,382:<ERROR> site-create(40) - При попытке создать сделку в модели произошла ошибка.
Ошибка: Cannot assign "<QuerySet [<Employees: Юля Иноземцева>]>": "Affairs.manager" must be a "Employees" instance.
2024-08-19 14:41:06,731:<ERROR> site-create(40) - При попытке создать сделку в модели произошла ошибка.
Ошибка: Cannot assign "<QuerySet [<Employees: Юля Иноземцева>]>": "Affairs.manager" must be a "Employees" instance.
2024-08-19 14:43:27,757:<ERROR> site-create(40) - При попытке создать сделку в модели произошла ошибка.
Ошибка: Cannot assign "<QuerySet [<Employees: Юля Иноземцева>]>": "Affairs.manager" must be a "Employees" instance.
2024-08-19 14:45:52,381:<ERROR> site-create(40) - При попытке создать сделку в модели произошла ошибка.
Ошибка: Cannot assign "<QuerySet [<Employees: Юля Иноземцева>]>": "Affairs.manager" must be a "Employees" instance.
2024-08-20 12:53:33,283:<CRITICAL> site-get(28) - При попытке получить сделку в Bitrix24 произошла ошибка.
Ошибка: 'UpdateDeal' object has no attribute 'BitrixMethod'
2024-08-20 12:55:33,056:<CRITICAL> site-get(28) - При попытке получить сделку в Bitrix24 произошла ошибка.
Ошибка: HTTP error: 400
2024-08-20 12:57:09,919:<CRITICAL> site-get(28) - При попытке получить сделку в Bitrix24 произошла ошибка.
Ошибка: HTTP error: 400
2024-08-20 12:58:46,884:<CRITICAL> site-get(28) - При попытке получить сделку в Bitrix24 произошла ошибка.
Ошибка: HTTP error: 400
